<?xml version="1.0" encoding="UTF-8"?>
<!-- Generated by org.testng.reporters.JUnitReportReporter -->
<testsuite hostname="DESKTOP-BN58NSU" failures="0" tests="2" name="practice.rest_assured_trello2" time="11.871" errors="0" timestamp="15 Nov 2022 08:23:11 GMT">
  <testcase classname="practice.rest_assured_trello2" name="create" time="10.558"/>
  <testcase classname="practice.rest_assured_trello2" name="update" time="1.313"/>
</testsuite> <!-- practice.rest_assured_trello2 -->
