<?xml version="1.0" encoding="UTF-8"?>
<!-- Generated by org.testng.reporters.JUnitReportReporter -->
<testsuite hostname="DESKTOP-BN58NSU" failures="0" tests="1" name="practice.rest_assured_trello" time="10.053" errors="0" timestamp="15 Nov 2022 06:25:01 GMT">
  <testcase classname="practice.rest_assured_trello" name="get_all" time="10.053"/>
</testsuite> <!-- practice.rest_assured_trello -->
