<?xml version="1.0" encoding="UTF-8"?>
<!-- Generated by org.testng.reporters.JUnitReportReporter -->
<testsuite hostname="DESKTOP-BN58NSU" failures="0" tests="1" name="practice.rest_assured_ecommerce2" time="8.483" errors="0" timestamp="16 Nov 2022 06:37:08 GMT">
  <testcase classname="practice.rest_assured_ecommerce2" name="creat_order" time="8.483"/>
</testsuite> <!-- practice.rest_assured_ecommerce2 -->
