<?xml version="1.0" encoding="UTF-8"?>
<!-- Generated by org.testng.reporters.JUnitReportReporter -->
<testsuite hostname="DESKTOP-BN58NSU" failures="0" tests="1" name="practice.rest_assured" time="11.945" errors="0" timestamp="14 Nov 2022 11:56:35 GMT">
  <testcase classname="practice.rest_assured" name="test7" time="11.945"/>
</testsuite> <!-- practice.rest_assured -->
