<?xml version="1.0" encoding="UTF-8"?>
<!-- Generated by org.testng.reporters.JUnitReportReporter -->
<testsuite hostname="DESKTOP-BN58NSU" failures="0" tests="1" name="practice.google_maps_restassured" time="13.418" errors="0" timestamp="15 Nov 2022 04:44:27 GMT">
  <testcase classname="practice.google_maps_restassured" name="add" time="13.418"/>
</testsuite> <!-- practice.google_maps_restassured -->
